<?xml version="1.0" encoding="UTF-8"?><testsuite errors="1" failures="0" name="Credit Lineru" skipped="0" tests="1" time="12.32" timestamp="2021-09-17 11:44:59"><testcase name="Apply a credit"><error message="The following error occurred: element not interactable&#10;  (Session info: chrome=93.0.4577.63)&#10;Build info: version: '3.11.0', revision: 'e59cfb3', time: '2018-03-11T20:26:55.152Z'&#10;System info: host: 'CHBOGML-145040', ip: '192.168.1.11', os.name: 'Windows 10', os.arch: 'amd64', os.version: '10.0', java.version: '1.8.0_211'&#10;Driver info: org.openqa.selenium.remote.RemoteWebDriver&#10;Capabilities {acceptInsecureCerts: false, browserName: chrome, browserVersion: 93.0.4577.63, chrome: {chromedriverVersion: 93.0.4577.63 (ff5c0da2ec0ad..., userDataDir: C:\Users\ctorresg\AppData\L...}, goog:chromeOptions: {debuggerAddress: localhost:64936}, javascriptEnabled: true, networkConnectionEnabled: false, pageLoadStrategy: normal, platform: WINDOWS, platformName: WINDOWS, proxy: Proxy(), setWindowRect: true, strictFileInteractability: false, timeouts: {implicit: 0, pageLoad: 300000, script: 30000}, unhandledPromptBehavior: dismiss and notify, webauthn:extension:credBlob: true, webauthn:extension:largeBlob: true, webauthn:virtualAuthenticators: true}&#10;Session ID: bd0f3eb0d11e2d2b6442fc2c3eedc8da" type="org.openqa.selenium.ElementNotInteractableException">The following error occurred: element not interactable
  (Session info: chrome=93.0.4577.63)
Build info: version: '3.11.0', revision: 'e59cfb3', time: '2018-03-11T20:26:55.152Z'
System info: host: 'CHBOGML-145040', ip: '192.168.1.11', os.name: 'Windows 10', os.arch: 'amd64', os.version: '10.0', java.version: '1.8.0_211'
Driver info: org.openqa.selenium.remote.RemoteWebDriver
Capabilities {acceptInsecureCerts: false, browserName: chrome, browserVersion: 93.0.4577.63, chrome: {chromedriverVersion: 93.0.4577.63 (ff5c0da2ec0ad..., userDataDir: C:\Users\ctorresg\AppData\L...}, goog:chromeOptions: {debuggerAddress: localhost:64936}, javascriptEnabled: true, networkConnectionEnabled: false, pageLoadStrategy: normal, platform: WINDOWS, platformName: WINDOWS, proxy: Proxy(), setWindowRect: true, strictFileInteractability: false, timeouts: {implicit: 0, pageLoad: 300000, script: 30000}, unhandledPromptBehavior: dismiss and notify, webauthn:extension:credBlob: true, webauthn:extension:largeBlob: true, webauthn:virtualAuthenticators: true}
Session ID: bd0f3eb0d11e2d2b6442fc2c3eedc8da</error><system-err>The following error occurred: element not interactable
  (Session info: chrome=93.0.4577.63)
Build info: version: '3.11.0', revision: 'e59cfb3', time: '2018-03-11T20:26:55.152Z'
System info: host: 'CHBOGML-145040', ip: '192.168.1.11', os.name: 'Windows 10', os.arch: 'amd64', os.version: '10.0', java.version: '1.8.0_211'
Driver info: org.openqa.selenium.remote.RemoteWebDriver
Capabilities {acceptInsecureCerts: false, browserName: chrome, browserVersion: 93.0.4577.63, chrome: {chromedriverVersion: 93.0.4577.63 (ff5c0da2ec0ad..., userDataDir: C:\Users\ctorresg\AppData\L...}, goog:chromeOptions: {debuggerAddress: localhost:64936}, javascriptEnabled: true, networkConnectionEnabled: false, pageLoadStrategy: normal, platform: WINDOWS, platformName: WINDOWS, proxy: Proxy(), setWindowRect: true, strictFileInteractability: false, timeouts: {implicit: 0, pageLoad: 300000, script: 30000}, unhandledPromptBehavior: dismiss and notify, webauthn:extension:credBlob: true, webauthn:extension:largeBlob: true, webauthn:virtualAuthenticators: true}
Session ID: bd0f3eb0d11e2d2b6442fc2c3eedc8da&#13;
co.com.lineru.credito.tasks.toEnter.performAs(toEnter.java:19)&#13;
co.com.lineru.credito.stepdefinitions.CreditLineruStepDefinitions.thatIAmInTheCreditPage(CreditLineruStepDefinitions.java:22)&#13;
cucumber.runner.Runner.runPickle(Runner.java:80)&#13;
</system-err></testcase></testsuite>